0 info it worked if it ends with ok
1 verbose cli [
1 verbose cli   'C:\\Program Files\\nodejs\\node.exe',
1 verbose cli   'C:\\Program Files\\nodejs\\node_modules\\npm\\bin\\npm-cli.js',
1 verbose cli   'start'
1 verbose cli ]
2 info using npm@6.14.4
3 info using node@v12.16.2
4 verbose run-script [ 'prestart', 'start', 'poststart' ]
5 info lifecycle devcamper_api@1.0.0~prestart: devcamper_api@1.0.0
6 info lifecycle devcamper_api@1.0.0~start: devcamper_api@1.0.0
7 verbose lifecycle devcamper_api@1.0.0~start: unsafe-perm in lifecycle true
8 verbose lifecycle devcamper_api@1.0.0~start: PATH: C:\Program Files\nodejs\node_modules\npm\node_modules\npm-lifecycle\node-gyp-bin;O:\ALF Projects\DevCamper_API\node_modules\.bin;C:\Python38\Scripts\;C:\Python38\;C:\Program Files (x86)\Common Files\Oracle\Java\javapath;C:\Program Files (x86)\Common Files\Intel\Shared Libraries\redist\intel64\compiler;C:\Program Files (x86)\Intel\Intel(R) Management Engine Components\iCLS\;C:\Program Files\Intel\Intel(R) Management Engine Components\iCLS\;C:\Windows\system32;C:\Windows;C:\Windows\System32\Wbem;C:\Windows\System32\WindowsPowerShell\v1.0\;C:\Program Files (x86)\Intel\Intel(R) Management Engine Components\DAL;C:\Program Files\Intel\Intel(R) Management Engine Components\DAL;C:\Program Files (x86)\Intel\Intel(R) Management Engine Components\IPT;C:\Program Files\Intel\Intel(R) Management Engine Components\IPT;C:\Program Files (x86)\NVIDIA Corporation\PhysX\Common;C:\WINDOWS\system32;C:\WINDOWS;C:\WINDOWS\System32\Wbem;C:\WINDOWS\System32\WindowsPowerShell\v1.0\;C:\WINDOWS\System32\OpenSSH\;C:\Program Files\Common Files\Autodesk Shared\;C:\Program Files (x86)\QuickTime\QTSystem\;C:\Program Files\NVIDIA Corporation\NVIDIA NvDLISR;C:\ProgramData\chocolatey\bin;C:\Program Files\Git\cmd;C:\WINDOWS\system32;C:\WINDOWS;C:\WINDOWS\System32\Wbem;C:\WINDOWS\System32\WindowsPowerShell\v1.0\;C:\WINDOWS\System32\OpenSSH\;C:\Program Files\Java\jdk1.8.0_231\bin;C:\Gradle\gradle-5.6.3\bin;G:\sdk\tools\bin;G:\sdk\platform-tools;G:\sdk\emulator;G:\sdk\build-tools;C:\Program Files\nodejs\;C:\Users\DroidSector\AppData\Roaming\npm\;C:\Users\Droid Sector\AppData\Local\Microsoft\WindowsApps;C:\Users\Droid Sector\AppData\Local\.meteor;C:\Users\Droid Sector\AppData\Local\Programs\Microsoft VS Code\bin;C:\Users\Droid Sector\AppData\Local\Microsoft\WindowsApps;G:\sdk\tools\bin;G:\sdk\platform-tools;G:\sdk\emulator;G:\sdk\build-tools;C:\Users\Droid Sector\AppData\Roaming\npm
9 verbose lifecycle devcamper_api@1.0.0~start: CWD: O:\ALF Projects\DevCamper_API
10 silly lifecycle devcamper_api@1.0.0~start: Args: [ '/d /s /c', 'NODE_ENV=production node server.js' ]
11 silly lifecycle devcamper_api@1.0.0~start: Returned: code: 1  signal: null
12 info lifecycle devcamper_api@1.0.0~start: Failed to exec start script
13 verbose stack Error: devcamper_api@1.0.0 start: `NODE_ENV=production node server.js`
13 verbose stack Exit status 1
13 verbose stack     at EventEmitter.<anonymous> (C:\Program Files\nodejs\node_modules\npm\node_modules\npm-lifecycle\index.js:332:16)
13 verbose stack     at EventEmitter.emit (events.js:310:20)
13 verbose stack     at ChildProcess.<anonymous> (C:\Program Files\nodejs\node_modules\npm\node_modules\npm-lifecycle\lib\spawn.js:55:14)
13 verbose stack     at ChildProcess.emit (events.js:310:20)
13 verbose stack     at maybeClose (internal/child_process.js:1021:16)
13 verbose stack     at Process.ChildProcess._handle.onexit (internal/child_process.js:286:5)
14 verbose pkgid devcamper_api@1.0.0
15 verbose cwd O:\ALF Projects\DevCamper_API
16 verbose Windows_NT 10.0.18362
17 verbose argv "C:\\Program Files\\nodejs\\node.exe" "C:\\Program Files\\nodejs\\node_modules\\npm\\bin\\npm-cli.js" "start"
18 verbose node v12.16.2
19 verbose npm  v6.14.4
20 error code ELIFECYCLE
21 error errno 1
22 error devcamper_api@1.0.0 start: `NODE_ENV=production node server.js`
22 error Exit status 1
23 error Failed at the devcamper_api@1.0.0 start script.
23 error This is probably not a problem with npm. There is likely additional logging output above.
24 verbose exit [ 1, true ]
